2025-05-13 21:10:32,478 INFO: Успешное подключение к базе данных
2025-05-13 21:11:24,331 INFO: Добавлен студент: {'id': '1', 'fio': 'Матвей Телешин', 'pol': 'М', 'vozrast': 20, 'kurs': 3, 'fakultet': 'ФМИ'}
2025-05-13 21:12:42,888 INFO: Соединение с базой данных закрыто
2025-05-13 21:13:00,904 INFO: Успешное подключение к базе данных
2025-05-13 21:13:13,248 INFO: Соединение с базой данных закрыто
2025-05-13 21:14:51,831 INFO: Успешное подключение к базе данных
2025-05-13 21:15:07,170 ERROR: Неперехваченное исключение
Traceback (most recent call last):
  File "d:\hgjfk\ура\diplom\dip.py", line 722, in add_student
    if self.students_model.add_student(student):
       ^^^^^^^^^^^^^^^^^^^^^^^^^^^^^^^
AttributeError: 'StudentsTableModel' object has no attribute 'add_student'
2025-05-13 21:17:00,742 INFO: Успешное подключение к базе данных
2025-05-13 21:18:17,571 INFO: Соединение с базой данных закрыто
2025-05-13 21:29:46,032 INFO: Успешное подключение к базе данных
2025-05-13 21:30:00,409 INFO: Добавлен студент: {'fio': 'Аарар', 'pol': 'М', 'vozrast': 18, 'kurs': 1, 'fakultet': 'ФМИ', 'id': '2'}
2025-05-13 21:30:19,393 INFO: Добавлен студент: {'fio': 'Тьвсы', 'pol': 'М', 'vozrast': 18, 'kurs': 1, 'fakultet': 'ММММ', 'id': '3'}
2025-05-13 21:30:32,322 INFO: Обновлен студент в строке 1: {'fio': 'Тьвсы', 'pol': 'М', 'vozrast': 18, 'kurs': 2, 'fakultet': 'ММММ', 'id': '3'}
2025-05-13 21:30:37,015 INFO: Соединение с базой данных закрыто
2025-05-13 21:31:34,113 INFO: Успешное подключение к базе данных
2025-05-13 21:31:46,456 INFO: Удалён студент: {'id': '2', 'fio': 'Аарар', 'pol': 'М', 'vozrast': 18, 'kurs': 1, 'fakultet': 'ФМИ'}
2025-05-13 21:31:48,426 INFO: Соединение с базой данных закрыто
2025-05-13 21:33:56,402 INFO: Успешное подключение к базе данных
2025-05-13 21:34:07,928 INFO: Добавлена заявка: {'type': 'Заселение', 'status': 'Создана', 'student_id': '3', 'student_fio': 'Тьвсы', 'room_id': '102', 'id': '1'}
2025-05-13 21:36:54,366 INFO: Добавлена заявка: {'type': 'Заселение', 'status': 'Создана', 'student_id': '3', 'student_fio': 'Тьвсы', 'room_id': '102', 'id': '2'}
2025-05-13 21:37:17,272 INFO: Добавлена заявка: {'type': 'Выселение', 'status': 'Создана', 'student_id': '3', 'student_fio': 'Тьвсы', 'room_id': '102', 'id': '3'}
2025-05-13 21:37:27,079 INFO: Соединение с базой данных закрыто
2025-05-13 21:38:06,355 INFO: Успешное подключение к базе данных
2025-05-13 21:38:32,196 INFO: Добавлен студент: {'fio': 'Аавваа', 'pol': 'М', 'vozrast': 18, 'kurs': 5, 'fakultet': 'прмрпм', 'id': '4'}
2025-05-13 21:38:54,223 INFO: Соединение с базой данных закрыто
2025-05-13 21:39:25,465 INFO: Успешное подключение к базе данных
2025-05-13 21:39:43,007 INFO: Добавлен студент: {'fio': 'Ирпрвп', 'pol': 'М', 'vozrast': 18, 'kurs': 5, 'fakultet': 'ППРП', 'id': '5'}
2025-05-13 21:40:15,306 INFO: Соединение с базой данных закрыто
2025-05-13 21:40:41,284 INFO: Успешное подключение к базе данных
2025-05-13 21:40:56,984 INFO: Добавлен студент: {'fio': 'Провоы', 'pol': 'М', 'vozrast': 18, 'kurs': 5, 'fakultet': 'аа', 'id': '6'}
2025-05-13 21:41:04,668 INFO: Применён фильтр: П
2025-05-13 21:41:05,854 INFO: Применён фильтр: 
2025-05-13 21:41:09,665 INFO: Соединение с базой данных закрыто
2025-05-13 21:42:16,708 INFO: Успешное подключение к базе данных
2025-05-13 21:42:40,061 INFO: Добавлен студент: {'fio': 'Прррр', 'pol': 'М', 'vozrast': 18, 'kurs': 1, 'fakultet': 'РРР', 'id': '7'}
2025-05-13 21:42:49,128 INFO: Соединение с базой данных закрыто
2025-05-13 21:45:10,015 INFO: Успешное подключение к базе данных
2025-05-13 21:45:28,090 INFO: Добавлен студент: {'fio': 'Мат', 'pol': 'М', 'vozrast': 18, 'kurs': 3, 'fakultet': 'ФМИ', 'id': '8'}
2025-05-13 21:49:40,740 INFO: Соединение с базой данных закрыто
2025-05-13 21:50:09,178 INFO: Успешное подключение к базе данных
2025-05-13 21:50:21,424 INFO: Добавлен студент: {'fio': 'Фф', 'pol': 'М', 'vozrast': 18, 'kurs': 1, 'fakultet': 'про', 'id': '9'}
2025-05-13 21:50:52,682 INFO: Соединение с базой данных закрыто
2025-05-13 21:53:29,712 INFO: Успешное подключение к базе данных
2025-05-13 21:53:36,128 INFO: Соединение с базой данных закрыто
2025-05-13 21:53:45,811 INFO: Успешное подключение к базе данных
2025-05-13 21:53:55,960 INFO: Добавлен студент ID 10: {'fio': 'Ппррп', 'pol': 'М', 'vozrast': 18, 'kurs': 1, 'fakultet': 'ФФФ', 'id': '10'}
2025-05-13 21:55:25,508 INFO: Добавлена заявка: {'type': 'Заселение', 'status': 'Создана', 'student_id': '10', 'student_fio': 'Ппррп', 'room_id': '101', 'id': '4'}
2025-05-13 21:56:16,312 INFO: Соединение с базой данных закрыто
2025-05-13 21:56:33,089 INFO: Успешное подключение к базе данных
2025-05-13 21:56:54,374 INFO: Добавлен студент ID 11: {'fio': 'Аааа', 'pol': 'М', 'vozrast': 18, 'kurs': 5, 'fakultet': 'мппп', 'id': '11'}
2025-05-13 21:59:23,881 INFO: Добавлен студент ID 12: {'fio': 'Апиа', 'pol': 'М', 'vozrast': 21, 'kurs': 3, 'fakultet': 'ПРОО', 'id': '12'}
2025-05-13 21:59:56,168 INFO: Добавлена заявка: {'type': 'Заселение', 'status': 'Создана', 'student_id': '11', 'student_fio': 'Аааа', 'room_id': '101', 'id': '5'}
2025-05-13 22:00:37,772 INFO: Соединение с базой данных закрыто
2025-05-13 22:00:43,939 INFO: Успешное подключение к базе данных
2025-05-13 22:00:52,021 INFO: Удалён студент: {'id': '12', 'fio': 'Апиа', 'pol': 'М', 'vozrast': 21, 'kurs': 3, 'fakultet': 'ПРОО'}
2025-05-13 22:01:16,301 INFO: Добавлен студент ID 13: {'fio': 'Маорав', 'pol': 'М', 'vozrast': 18, 'kurs': 1, 'fakultet': 'Арво роыв', 'id': '13'}
2025-05-13 22:02:47,843 INFO: Соединение с базой данных закрыто
2025-05-13 22:05:43,283 INFO: Успешное подключение к базе данных
2025-05-13 22:05:55,027 INFO: Соединение с базой данных закрыто
2025-05-13 22:05:57,485 INFO: Успешное подключение к базе данных
2025-05-13 22:06:12,537 INFO: Добавлен студент ID 14: {'fio': 'Мав', 'pol': 'М', 'vozrast': 18, 'kurs': 1, 'fakultet': 'ПР оос', 'id': '14'}
2025-05-13 22:06:49,619 INFO: Соединение с базой данных закрыто
2025-05-13 22:06:57,893 INFO: Успешное подключение к базе данных
2025-05-13 22:07:14,927 INFO: Добавлен студент ID 15: {'fio': 'Матвей Телешин', 'pol': 'М', 'vozrast': 21, 'kurs': 4, 'fakultet': 'ФМИ', 'id': '15'}
2025-05-13 22:07:41,433 INFO: Обновлен студент в строке 3: {'fio': 'Артем', 'pol': 'М', 'vozrast': 21, 'kurs': 1, 'fakultet': 'ПР оос', 'id': '14'}
2025-05-13 22:08:03,988 INFO: Соединение с базой данных закрыто
2025-05-13 22:08:09,336 INFO: Успешное подключение к базе данных
2025-05-13 22:08:19,020 INFO: Добавлена заявка: {'type': 'Заселение', 'status': 'Создана', 'student_id': '10', 'student_fio': 'Ппррп', 'room_id': '101', 'id': '6'}
2025-05-13 22:08:25,505 INFO: Добавлена заявка: {'type': 'Выселение', 'status': 'Создана', 'student_id': '14', 'student_fio': 'Артем', 'room_id': '101', 'id': '7'}
2025-05-13 22:08:59,909 INFO: Добавлен студент ID 16: {'fio': 'Чоппер', 'pol': 'М', 'vozrast': 25, 'kurs': 5, 'fakultet': 'ФФФФ', 'id': '16'}
2025-05-13 22:09:13,990 INFO: Соединение с базой данных закрыто
2025-05-13 22:09:18,641 INFO: Успешное подключение к базе данных
2025-05-13 22:09:38,457 INFO: Добавлен студент ID 17: {'fio': 'Балббес', 'pol': 'Ж', 'vozrast': 20, 'kurs': 2, 'fakultet': 'ПРО', 'id': '17'}
2025-05-13 22:09:42,950 INFO: Соединение с базой данных закрыто
2025-05-13 22:23:02,658 INFO: Успешное подключение к базе данных
2025-05-13 22:23:35,138 ERROR: Ошибка выполнения запроса: invalid input value for enum request_status: "Одобрена"
LINE 1: UPDATE requests SET status = 'Одобрена' WHERE id = '5' RETUR...
                                     ^

2025-05-13 22:23:39,692 INFO: Соединение с базой данных закрыто
2025-05-13 22:26:30,854 INFO: Успешное подключение к базе данных
2025-05-13 22:26:38,708 ERROR: Ошибка выполнения запроса: invalid input value for enum request_status: "Одобрена"
LINE 1: UPDATE requests SET status = 'Одобрена' WHERE id = '5' RETUR...
                                     ^

2025-05-13 22:27:21,547 INFO: Добавлен студент ID 18: {'fio': 'Приеол', 'pol': 'Ж', 'vozrast': 30, 'kurs': 4, 'fakultet': 'ППП', 'id': '18'}
2025-05-13 22:28:19,907 INFO: Соединение с базой данных закрыто
2025-05-13 22:32:47,040 INFO: Успешное подключение к базе данных
2025-05-13 22:33:00,049 ERROR: Ошибка выполнения запроса: invalid input value for enum request_status: "Одобрена"
LINE 3:             SET status = 'Одобрена' 
                                 ^

2025-05-13 22:37:34,600 INFO: Соединение с базой данных закрыто
2025-05-13 22:51:05,304 INFO: Успешное подключение к базе данных
2025-05-13 22:51:23,811 INFO: Соединение с базой данных закрыто
2025-05-13 23:01:59,913 INFO: Успешное подключение к базе данных
2025-05-13 23:03:11,309 ERROR: Ошибка выполнения запроса: invalid input value for enum request_status: "Одобрена"
LINE 3:             SET status = 'Одобрена' 
                                 ^

2025-05-13 23:03:50,223 ERROR: Ошибка выполнения запроса: invalid input value for enum request_status: "Одобрена"
LINE 3:             SET status = 'Одобрена' 
                                 ^

2025-05-13 23:05:43,018 INFO: Соединение с базой данных закрыто
2025-05-13 23:42:33,421 INFO: Успешное подключение к базе данных
2025-05-13 23:43:04,199 INFO: Соединение с базой данных закрыто
2025-05-13 23:43:55,525 INFO: Успешное подключение к базе данных
2025-05-13 23:44:15,317 INFO: Соединение с базой данных закрыто
2025-05-14 19:44:33,644 INFO: Успешное подключение к базе данных
2025-05-14 19:51:05,172 INFO: Соединение с базой данных закрыто
2025-05-14 19:51:08,170 INFO: Успешное подключение к базе данных
2025-05-14 19:51:36,187 INFO: Добавлена заявка: {'type': 'Заселение', 'status': 'Создана', 'student_id': '18', 'student_fio': 'Приеол', 'room_id': '102', 'id': '8'}
2025-05-14 19:54:48,053 INFO: Соединение с базой данных закрыто
2025-05-14 19:54:51,692 INFO: Успешное подключение к базе данных
